
ROM used:   390/8192 (5%)
            390/8192 (5%) including unused fragments

            0.5 Average locations per line
            5.8 Average locations per statement

RAM used:   25/368 (7%) at main() level
            27/368 (7%) worst case

Stack used: 2 worst case (1 in main + 1 for interrupts)
Stack size: 8

Lines Stmts  %   Files
----- ----- ---  -----
   95    67 100  CLOCK.c
    5     0   0  CLOCK.h
  671     0   0  ..\..\..\..\Program Files (x86)\PICC\Devices\16F877A.h
----- -----
  771    67 Total

Page ROM  %  RAM    Vol Diff  Functions:
---- --- --- ---    --- ----  ----------
0     20   5    1             @delay_ms1
0     14   4    0             @const623
0     12   3    0     88  3.2  ngatTimer0
0    276  71    1   2065  6.4  MAIN
0     21   5    3             @DIV88
 Inline         0             @cinit1

Program metrics:
    Functions               2
    Statements              67
    Comments                125
    Volume (V)              2277
    Difficulty (D)          9.9
    Effort to implement (E) 22636
    Time to implement (T)   21 minutes
    Est Delivered Bugs (B)  0
    Cyclomatic Complexity   6
    Maintainability (MI)    61

 Segment     Used  Free
-----------  ----  ----
00000-00003     4  0  
00004-0002E    43  0  
0002F-007FF   343  1658  
00800-00FFF     0  2048  
01000-017FF     0  2048  
01800-01FFF     0  2048  



